[2019-11-13 16:37:40,381: INFO/Beat] beat: Starting...
[2019-11-13 16:37:40,388: INFO/MainProcess] Connected to amqp://guest:**@127.0.0.1:5672//
[2019-11-13 16:37:40,399: INFO/MainProcess] mingle: searching for neighbors
[2019-11-13 16:37:41,418: INFO/MainProcess] mingle: all alone
[2019-11-13 16:37:41,431: WARNING/MainProcess] /home/lenovo/ENV/thoughtwin_erp/local/lib/python3.6/site-packages/kombu/pidbox.py:74: UserWarning: A node named celery@Thoughtwin-7 is already using this process mailbox!

Maybe you forgot to shutdown the other node or did not do so properly?
Or if you meant to start multiple nodes on the same host please make sure
you give each node a unique node name!

  warnings.warn(W_PIDBOX_IN_USE.format(node=self))
[2019-11-13 16:37:41,433: WARNING/MainProcess] /home/lenovo/ENV/thoughtwin_erp/local/lib/python3.6/site-packages/celery/fixups/django.py:202: UserWarning: Using settings.DEBUG leads to a memory leak, never use this setting in production environments!
  warnings.warn('Using settings.DEBUG leads to a memory leak, never '
[2019-11-13 16:37:41,433: INFO/MainProcess] celery@Thoughtwin-7 ready.

worker: Warm shutdown (MainProcess)
[2019-11-13 16:39:47,658: INFO/MainProcess] beat: Shutting down...
 
 -------------- celery@Thoughtwin-7 v4.3.0 (rhubarb)
---- **** ----- 
--- * ***  * -- Linux-4.13.0-36-generic-x86_64-with-Ubuntu-16.04-xenial 2019-11-13 16:37:40
-- * - **** --- 
- ** ---------- [config]
- ** ---------- .> app:         thoughtwin_erp:0x7f3070cbc588
- ** ---------- .> transport:   amqp://guest:**@localhost:5672//
- ** ---------- .> results:     rpc://
- *** --- * --- .> concurrency: 4 (prefork)
-- ******* ---- .> task events: OFF (enable -E to monitor tasks in this worker)
--- ***** ----- 
 -------------- [queues]
                .> celery           exchange=celery(direct) key=celery
                

[tasks]
  . send_email_reminder
  . thoughtwin_erp.celery.debug_task

Traceback (most recent call last):
  File "/home/lenovo/ENV/thoughtwin_erp/bin/celery", line 10, in <module>
    sys.exit(main())
  File "/home/lenovo/ENV/thoughtwin_erp/local/lib/python3.6/site-packages/celery/__main__.py", line 16, in main
    _main()
  File "/home/lenovo/ENV/thoughtwin_erp/local/lib/python3.6/site-packages/celery/bin/celery.py", line 322, in main
    cmd.execute_from_commandline(argv)
  File "/home/lenovo/ENV/thoughtwin_erp/local/lib/python3.6/site-packages/celery/bin/celery.py", line 496, in execute_from_commandline
    super(CeleryCommand, self).execute_from_commandline(argv)))
  File "/home/lenovo/ENV/thoughtwin_erp/local/lib/python3.6/site-packages/celery/bin/base.py", line 298, in execute_from_commandline
    return self.handle_argv(self.prog_name, argv[1:])
  File "/home/lenovo/ENV/thoughtwin_erp/local/lib/python3.6/site-packages/celery/bin/celery.py", line 488, in handle_argv
    return self.execute(command, argv)
  File "/home/lenovo/ENV/thoughtwin_erp/local/lib/python3.6/site-packages/celery/bin/celery.py", line 420, in execute
    ).run_from_argv(self.prog_name, argv[1:], command=argv[0])
  File "/home/lenovo/ENV/thoughtwin_erp/local/lib/python3.6/site-packages/celery/bin/worker.py", line 223, in run_from_argv
    return self(*args, **options)
  File "/home/lenovo/ENV/thoughtwin_erp/local/lib/python3.6/site-packages/celery/bin/base.py", line 252, in __call__
    ret = self.run(*args, **kwargs)
  File "/home/lenovo/ENV/thoughtwin_erp/local/lib/python3.6/site-packages/celery/bin/worker.py", line 257, in run
    **kwargs)
  File "/home/lenovo/ENV/thoughtwin_erp/local/lib/python3.6/site-packages/celery/worker/worker.py", line 96, in __init__
    self.app.loader.init_worker()
  File "/home/lenovo/ENV/thoughtwin_erp/local/lib/python3.6/site-packages/celery/loaders/base.py", line 114, in init_worker
    self.import_default_modules()
  File "/home/lenovo/ENV/thoughtwin_erp/local/lib/python3.6/site-packages/celery/loaders/base.py", line 108, in import_default_modules
    raise response
  File "/home/lenovo/ENV/thoughtwin_erp/local/lib/python3.6/site-packages/celery/utils/dispatch/signal.py", line 288, in send
    response = receiver(signal=self, sender=sender, **named)
  File "/home/lenovo/ENV/thoughtwin_erp/local/lib/python3.6/site-packages/celery/fixups/django.py", line 84, in on_import_modules
    self.worker_fixup.validate_models()
  File "/home/lenovo/ENV/thoughtwin_erp/local/lib/python3.6/site-packages/celery/fixups/django.py", line 123, in validate_models
    run_checks()
  File "/home/lenovo/ENV/thoughtwin_erp/local/lib/python3.6/site-packages/django/core/checks/registry.py", line 73, in run_checks
    new_errors = check(app_configs=app_configs)
  File "/home/lenovo/ENV/thoughtwin_erp/local/lib/python3.6/site-packages/django/core/checks/urls.py", line 40, in check_url_namespaces_unique
    all_namespaces = _load_all_namespaces(resolver)
  File "/home/lenovo/ENV/thoughtwin_erp/local/lib/python3.6/site-packages/django/core/checks/urls.py", line 57, in _load_all_namespaces
    url_patterns = getattr(resolver, 'url_patterns', [])
  File "/home/lenovo/ENV/thoughtwin_erp/local/lib/python3.6/site-packages/django/utils/functional.py", line 36, in __get__
    res = instance.__dict__[self.name] = self.func(instance)
  File "/home/lenovo/ENV/thoughtwin_erp/local/lib/python3.6/site-packages/django/urls/resolvers.py", line 540, in url_patterns
    patterns = getattr(self.urlconf_module, "urlpatterns", self.urlconf_module)
  File "/home/lenovo/ENV/thoughtwin_erp/local/lib/python3.6/site-packages/django/utils/functional.py", line 36, in __get__
    res = instance.__dict__[self.name] = self.func(instance)
  File "/home/lenovo/ENV/thoughtwin_erp/local/lib/python3.6/site-packages/django/urls/resolvers.py", line 533, in urlconf_module
    return import_module(self.urlconf_name)
  File "/home/lenovo/ENV/thoughtwin_erp/lib/python3.6/importlib/__init__.py", line 126, in import_module
    return _bootstrap._gcd_import(name[level:], package, level)
  File "<frozen importlib._bootstrap>", line 994, in _gcd_import
  File "<frozen importlib._bootstrap>", line 971, in _find_and_load
  File "<frozen importlib._bootstrap>", line 955, in _find_and_load_unlocked
  File "<frozen importlib._bootstrap>", line 665, in _load_unlocked
  File "<frozen importlib._bootstrap_external>", line 678, in exec_module
  File "<frozen importlib._bootstrap>", line 219, in _call_with_frames_removed
  File "/home/lenovo/Projects/django/thoughtwin_erp/thoughtwin_erp/thoughtwin_erp/urls.py", line 39, in <module>
    path('', include('employee.urls', namespace='employee')),
  File "/home/lenovo/ENV/thoughtwin_erp/local/lib/python3.6/site-packages/django/urls/conf.py", line 34, in include
    urlconf_module = import_module(urlconf_module)
  File "/home/lenovo/ENV/thoughtwin_erp/lib/python3.6/importlib/__init__.py", line 126, in import_module
    return _bootstrap._gcd_import(name[level:], package, level)
  File "<frozen importlib._bootstrap>", line 994, in _gcd_import
  File "<frozen importlib._bootstrap>", line 971, in _find_and_load
  File "<frozen importlib._bootstrap>", line 955, in _find_and_load_unlocked
  File "<frozen importlib._bootstrap>", line 665, in _load_unlocked
  File "<frozen importlib._bootstrap_external>", line 678, in exec_module
  File "<frozen importlib._bootstrap>", line 219, in _call_with_frames_removed
  File "/home/lenovo/Projects/django/thoughtwin_erp/thoughtwin_erp/thoughtwin_erp/apps/employee/urls.py", line 1, in <module>
    from employee.views import *
  File "/home/lenovo/Projects/django/thoughtwin_erp/thoughtwin_erp/thoughtwin_erp/apps/employee/views.py", line 37, in <module>
    from employee.tasks import send_email_reminder
  File "/home/lenovo/Projects/django/thoughtwin_erp/thoughtwin_erp/thoughtwin_erp/apps/employee/tasks.py", line 17, in <module>
    @periodic_task(run_every=(crontab(seconds=10)), name="send_email_reminder", ignore_result=True)
  File "/home/lenovo/ENV/thoughtwin_erp/local/lib/python3.6/site-packages/celery/schedules.py", line 416, in __init__
    super(crontab, self).__init__(**kwargs)
TypeError: __init__() got an unexpected keyword argument 'seconds'
Traceback (most recent call last):
  File "/home/lenovo/ENV/thoughtwin_erp/bin/celery", line 10, in <module>
    sys.exit(main())
  File "/home/lenovo/ENV/thoughtwin_erp/local/lib/python3.6/site-packages/celery/__main__.py", line 16, in main
    _main()
  File "/home/lenovo/ENV/thoughtwin_erp/local/lib/python3.6/site-packages/celery/bin/celery.py", line 322, in main
    cmd.execute_from_commandline(argv)
  File "/home/lenovo/ENV/thoughtwin_erp/local/lib/python3.6/site-packages/celery/bin/celery.py", line 496, in execute_from_commandline
    super(CeleryCommand, self).execute_from_commandline(argv)))
  File "/home/lenovo/ENV/thoughtwin_erp/local/lib/python3.6/site-packages/celery/bin/base.py", line 298, in execute_from_commandline
    return self.handle_argv(self.prog_name, argv[1:])
  File "/home/lenovo/ENV/thoughtwin_erp/local/lib/python3.6/site-packages/celery/bin/celery.py", line 488, in handle_argv
    return self.execute(command, argv)
  File "/home/lenovo/ENV/thoughtwin_erp/local/lib/python3.6/site-packages/celery/bin/celery.py", line 420, in execute
    ).run_from_argv(self.prog_name, argv[1:], command=argv[0])
  File "/home/lenovo/ENV/thoughtwin_erp/local/lib/python3.6/site-packages/celery/bin/worker.py", line 223, in run_from_argv
    return self(*args, **options)
  File "/home/lenovo/ENV/thoughtwin_erp/local/lib/python3.6/site-packages/celery/bin/base.py", line 252, in __call__
    ret = self.run(*args, **kwargs)
  File "/home/lenovo/ENV/thoughtwin_erp/local/lib/python3.6/site-packages/celery/bin/worker.py", line 257, in run
    **kwargs)
  File "/home/lenovo/ENV/thoughtwin_erp/local/lib/python3.6/site-packages/celery/worker/worker.py", line 96, in __init__
    self.app.loader.init_worker()
  File "/home/lenovo/ENV/thoughtwin_erp/local/lib/python3.6/site-packages/celery/loaders/base.py", line 114, in init_worker
    self.import_default_modules()
  File "/home/lenovo/ENV/thoughtwin_erp/local/lib/python3.6/site-packages/celery/loaders/base.py", line 108, in import_default_modules
    raise response
  File "/home/lenovo/ENV/thoughtwin_erp/local/lib/python3.6/site-packages/celery/utils/dispatch/signal.py", line 288, in send
    response = receiver(signal=self, sender=sender, **named)
  File "/home/lenovo/ENV/thoughtwin_erp/local/lib/python3.6/site-packages/celery/fixups/django.py", line 84, in on_import_modules
    self.worker_fixup.validate_models()
  File "/home/lenovo/ENV/thoughtwin_erp/local/lib/python3.6/site-packages/celery/fixups/django.py", line 123, in validate_models
    run_checks()
  File "/home/lenovo/ENV/thoughtwin_erp/local/lib/python3.6/site-packages/django/core/checks/registry.py", line 73, in run_checks
    new_errors = check(app_configs=app_configs)
  File "/home/lenovo/ENV/thoughtwin_erp/local/lib/python3.6/site-packages/django/core/checks/urls.py", line 40, in check_url_namespaces_unique
    all_namespaces = _load_all_namespaces(resolver)
  File "/home/lenovo/ENV/thoughtwin_erp/local/lib/python3.6/site-packages/django/core/checks/urls.py", line 57, in _load_all_namespaces
    url_patterns = getattr(resolver, 'url_patterns', [])
  File "/home/lenovo/ENV/thoughtwin_erp/local/lib/python3.6/site-packages/django/utils/functional.py", line 36, in __get__
    res = instance.__dict__[self.name] = self.func(instance)
  File "/home/lenovo/ENV/thoughtwin_erp/local/lib/python3.6/site-packages/django/urls/resolvers.py", line 540, in url_patterns
    patterns = getattr(self.urlconf_module, "urlpatterns", self.urlconf_module)
  File "/home/lenovo/ENV/thoughtwin_erp/local/lib/python3.6/site-packages/django/utils/functional.py", line 36, in __get__
    res = instance.__dict__[self.name] = self.func(instance)
  File "/home/lenovo/ENV/thoughtwin_erp/local/lib/python3.6/site-packages/django/urls/resolvers.py", line 533, in urlconf_module
    return import_module(self.urlconf_name)
  File "/home/lenovo/ENV/thoughtwin_erp/lib/python3.6/importlib/__init__.py", line 126, in import_module
    return _bootstrap._gcd_import(name[level:], package, level)
  File "<frozen importlib._bootstrap>", line 994, in _gcd_import
  File "<frozen importlib._bootstrap>", line 971, in _find_and_load
  File "<frozen importlib._bootstrap>", line 955, in _find_and_load_unlocked
  File "<frozen importlib._bootstrap>", line 665, in _load_unlocked
  File "<frozen importlib._bootstrap_external>", line 678, in exec_module
  File "<frozen importlib._bootstrap>", line 219, in _call_with_frames_removed
  File "/home/lenovo/Projects/django/thoughtwin_erp/thoughtwin_erp/thoughtwin_erp/urls.py", line 39, in <module>
    path('', include('employee.urls', namespace='employee')),
  File "/home/lenovo/ENV/thoughtwin_erp/local/lib/python3.6/site-packages/django/urls/conf.py", line 34, in include
    urlconf_module = import_module(urlconf_module)
  File "/home/lenovo/ENV/thoughtwin_erp/lib/python3.6/importlib/__init__.py", line 126, in import_module
    return _bootstrap._gcd_import(name[level:], package, level)
  File "<frozen importlib._bootstrap>", line 994, in _gcd_import
  File "<frozen importlib._bootstrap>", line 971, in _find_and_load
  File "<frozen importlib._bootstrap>", line 955, in _find_and_load_unlocked
  File "<frozen importlib._bootstrap>", line 665, in _load_unlocked
  File "<frozen importlib._bootstrap_external>", line 678, in exec_module
  File "<frozen importlib._bootstrap>", line 219, in _call_with_frames_removed
  File "/home/lenovo/Projects/django/thoughtwin_erp/thoughtwin_erp/thoughtwin_erp/apps/employee/urls.py", line 1, in <module>
    from employee.views import *
  File "/home/lenovo/Projects/django/thoughtwin_erp/thoughtwin_erp/thoughtwin_erp/apps/employee/views.py", line 37, in <module>
    from employee.tasks import send_email_reminder
  File "/home/lenovo/Projects/django/thoughtwin_erp/thoughtwin_erp/thoughtwin_erp/apps/employee/tasks.py", line 17, in <module>
    @periodic_task(run_every=(crontab(seconds=10)), name="send_email_reminder", ignore_result=True)
  File "/home/lenovo/ENV/thoughtwin_erp/local/lib/python3.6/site-packages/celery/schedules.py", line 416, in __init__
    super(crontab, self).__init__(**kwargs)
TypeError: __init__() got an unexpected keyword argument 'seconds'
Traceback (most recent call last):
  File "/home/lenovo/ENV/thoughtwin_erp/bin/celery", line 10, in <module>
    sys.exit(main())
  File "/home/lenovo/ENV/thoughtwin_erp/local/lib/python3.6/site-packages/celery/__main__.py", line 16, in main
    _main()
  File "/home/lenovo/ENV/thoughtwin_erp/local/lib/python3.6/site-packages/celery/bin/celery.py", line 322, in main
    cmd.execute_from_commandline(argv)
  File "/home/lenovo/ENV/thoughtwin_erp/local/lib/python3.6/site-packages/celery/bin/celery.py", line 496, in execute_from_commandline
    super(CeleryCommand, self).execute_from_commandline(argv)))
  File "/home/lenovo/ENV/thoughtwin_erp/local/lib/python3.6/site-packages/celery/bin/base.py", line 298, in execute_from_commandline
    return self.handle_argv(self.prog_name, argv[1:])
  File "/home/lenovo/ENV/thoughtwin_erp/local/lib/python3.6/site-packages/celery/bin/celery.py", line 488, in handle_argv
    return self.execute(command, argv)
  File "/home/lenovo/ENV/thoughtwin_erp/local/lib/python3.6/site-packages/celery/bin/celery.py", line 420, in execute
    ).run_from_argv(self.prog_name, argv[1:], command=argv[0])
  File "/home/lenovo/ENV/thoughtwin_erp/local/lib/python3.6/site-packages/celery/bin/worker.py", line 223, in run_from_argv
    return self(*args, **options)
  File "/home/lenovo/ENV/thoughtwin_erp/local/lib/python3.6/site-packages/celery/bin/base.py", line 252, in __call__
    ret = self.run(*args, **kwargs)
  File "/home/lenovo/ENV/thoughtwin_erp/local/lib/python3.6/site-packages/celery/bin/worker.py", line 257, in run
    **kwargs)
  File "/home/lenovo/ENV/thoughtwin_erp/local/lib/python3.6/site-packages/celery/worker/worker.py", line 96, in __init__
    self.app.loader.init_worker()
  File "/home/lenovo/ENV/thoughtwin_erp/local/lib/python3.6/site-packages/celery/loaders/base.py", line 114, in init_worker
    self.import_default_modules()
  File "/home/lenovo/ENV/thoughtwin_erp/local/lib/python3.6/site-packages/celery/loaders/base.py", line 108, in import_default_modules
    raise response
  File "/home/lenovo/ENV/thoughtwin_erp/local/lib/python3.6/site-packages/celery/utils/dispatch/signal.py", line 288, in send
    response = receiver(signal=self, sender=sender, **named)
  File "/home/lenovo/ENV/thoughtwin_erp/local/lib/python3.6/site-packages/celery/fixups/django.py", line 84, in on_import_modules
    self.worker_fixup.validate_models()
  File "/home/lenovo/ENV/thoughtwin_erp/local/lib/python3.6/site-packages/celery/fixups/django.py", line 123, in validate_models
    run_checks()
  File "/home/lenovo/ENV/thoughtwin_erp/local/lib/python3.6/site-packages/django/core/checks/registry.py", line 73, in run_checks
    new_errors = check(app_configs=app_configs)
  File "/home/lenovo/ENV/thoughtwin_erp/local/lib/python3.6/site-packages/django/core/checks/urls.py", line 40, in check_url_namespaces_unique
    all_namespaces = _load_all_namespaces(resolver)
  File "/home/lenovo/ENV/thoughtwin_erp/local/lib/python3.6/site-packages/django/core/checks/urls.py", line 57, in _load_all_namespaces
    url_patterns = getattr(resolver, 'url_patterns', [])
  File "/home/lenovo/ENV/thoughtwin_erp/local/lib/python3.6/site-packages/django/utils/functional.py", line 36, in __get__
    res = instance.__dict__[self.name] = self.func(instance)
  File "/home/lenovo/ENV/thoughtwin_erp/local/lib/python3.6/site-packages/django/urls/resolvers.py", line 540, in url_patterns
    patterns = getattr(self.urlconf_module, "urlpatterns", self.urlconf_module)
  File "/home/lenovo/ENV/thoughtwin_erp/local/lib/python3.6/site-packages/django/utils/functional.py", line 36, in __get__
    res = instance.__dict__[self.name] = self.func(instance)
  File "/home/lenovo/ENV/thoughtwin_erp/local/lib/python3.6/site-packages/django/urls/resolvers.py", line 533, in urlconf_module
    return import_module(self.urlconf_name)
  File "/home/lenovo/ENV/thoughtwin_erp/lib/python3.6/importlib/__init__.py", line 126, in import_module
    return _bootstrap._gcd_import(name[level:], package, level)
  File "<frozen importlib._bootstrap>", line 994, in _gcd_import
  File "<frozen importlib._bootstrap>", line 971, in _find_and_load
  File "<frozen importlib._bootstrap>", line 955, in _find_and_load_unlocked
  File "<frozen importlib._bootstrap>", line 665, in _load_unlocked
  File "<frozen importlib._bootstrap_external>", line 678, in exec_module
  File "<frozen importlib._bootstrap>", line 219, in _call_with_frames_removed
  File "/home/lenovo/Projects/django/thoughtwin_erp/thoughtwin_erp/thoughtwin_erp/urls.py", line 39, in <module>
    path('', include('employee.urls', namespace='employee')),
  File "/home/lenovo/ENV/thoughtwin_erp/local/lib/python3.6/site-packages/django/urls/conf.py", line 34, in include
    urlconf_module = import_module(urlconf_module)
  File "/home/lenovo/ENV/thoughtwin_erp/lib/python3.6/importlib/__init__.py", line 126, in import_module
    return _bootstrap._gcd_import(name[level:], package, level)
  File "<frozen importlib._bootstrap>", line 994, in _gcd_import
  File "<frozen importlib._bootstrap>", line 971, in _find_and_load
  File "<frozen importlib._bootstrap>", line 955, in _find_and_load_unlocked
  File "<frozen importlib._bootstrap>", line 665, in _load_unlocked
  File "<frozen importlib._bootstrap_external>", line 678, in exec_module
  File "<frozen importlib._bootstrap>", line 219, in _call_with_frames_removed
  File "/home/lenovo/Projects/django/thoughtwin_erp/thoughtwin_erp/thoughtwin_erp/apps/employee/urls.py", line 1, in <module>
    from employee.views import *
  File "/home/lenovo/Projects/django/thoughtwin_erp/thoughtwin_erp/thoughtwin_erp/apps/employee/views.py", line 37, in <module>
    from employee.tasks import send_email_reminder
  File "/home/lenovo/Projects/django/thoughtwin_erp/thoughtwin_erp/thoughtwin_erp/apps/employee/tasks.py", line 17, in <module>
    @periodic_task(run_every=(crontab(seconds=10)), name="send_email_reminder", ignore_result=True)
  File "/home/lenovo/ENV/thoughtwin_erp/local/lib/python3.6/site-packages/celery/schedules.py", line 416, in __init__
    super(crontab, self).__init__(**kwargs)
TypeError: __init__() got an unexpected keyword argument 'seconds'
Traceback (most recent call last):
  File "/home/lenovo/ENV/thoughtwin_erp/bin/celery", line 10, in <module>
    sys.exit(main())
  File "/home/lenovo/ENV/thoughtwin_erp/local/lib/python3.6/site-packages/celery/__main__.py", line 16, in main
    _main()
  File "/home/lenovo/ENV/thoughtwin_erp/local/lib/python3.6/site-packages/celery/bin/celery.py", line 322, in main
    cmd.execute_from_commandline(argv)
  File "/home/lenovo/ENV/thoughtwin_erp/local/lib/python3.6/site-packages/celery/bin/celery.py", line 496, in execute_from_commandline
    super(CeleryCommand, self).execute_from_commandline(argv)))
  File "/home/lenovo/ENV/thoughtwin_erp/local/lib/python3.6/site-packages/celery/bin/base.py", line 298, in execute_from_commandline
    return self.handle_argv(self.prog_name, argv[1:])
  File "/home/lenovo/ENV/thoughtwin_erp/local/lib/python3.6/site-packages/celery/bin/celery.py", line 488, in handle_argv
    return self.execute(command, argv)
  File "/home/lenovo/ENV/thoughtwin_erp/local/lib/python3.6/site-packages/celery/bin/celery.py", line 420, in execute
    ).run_from_argv(self.prog_name, argv[1:], command=argv[0])
  File "/home/lenovo/ENV/thoughtwin_erp/local/lib/python3.6/site-packages/celery/bin/worker.py", line 223, in run_from_argv
    return self(*args, **options)
  File "/home/lenovo/ENV/thoughtwin_erp/local/lib/python3.6/site-packages/celery/bin/base.py", line 252, in __call__
    ret = self.run(*args, **kwargs)
  File "/home/lenovo/ENV/thoughtwin_erp/local/lib/python3.6/site-packages/celery/bin/worker.py", line 257, in run
    **kwargs)
  File "/home/lenovo/ENV/thoughtwin_erp/local/lib/python3.6/site-packages/celery/worker/worker.py", line 96, in __init__
    self.app.loader.init_worker()
  File "/home/lenovo/ENV/thoughtwin_erp/local/lib/python3.6/site-packages/celery/loaders/base.py", line 114, in init_worker
    self.import_default_modules()
  File "/home/lenovo/ENV/thoughtwin_erp/local/lib/python3.6/site-packages/celery/loaders/base.py", line 108, in import_default_modules
    raise response
  File "/home/lenovo/ENV/thoughtwin_erp/local/lib/python3.6/site-packages/celery/utils/dispatch/signal.py", line 288, in send
    response = receiver(signal=self, sender=sender, **named)
  File "/home/lenovo/ENV/thoughtwin_erp/local/lib/python3.6/site-packages/celery/fixups/django.py", line 84, in on_import_modules
    self.worker_fixup.validate_models()
  File "/home/lenovo/ENV/thoughtwin_erp/local/lib/python3.6/site-packages/celery/fixups/django.py", line 123, in validate_models
    run_checks()
  File "/home/lenovo/ENV/thoughtwin_erp/local/lib/python3.6/site-packages/django/core/checks/registry.py", line 73, in run_checks
    new_errors = check(app_configs=app_configs)
  File "/home/lenovo/ENV/thoughtwin_erp/local/lib/python3.6/site-packages/django/core/checks/urls.py", line 40, in check_url_namespaces_unique
    all_namespaces = _load_all_namespaces(resolver)
  File "/home/lenovo/ENV/thoughtwin_erp/local/lib/python3.6/site-packages/django/core/checks/urls.py", line 57, in _load_all_namespaces
    url_patterns = getattr(resolver, 'url_patterns', [])
  File "/home/lenovo/ENV/thoughtwin_erp/local/lib/python3.6/site-packages/django/utils/functional.py", line 36, in __get__
    res = instance.__dict__[self.name] = self.func(instance)
  File "/home/lenovo/ENV/thoughtwin_erp/local/lib/python3.6/site-packages/django/urls/resolvers.py", line 540, in url_patterns
    patterns = getattr(self.urlconf_module, "urlpatterns", self.urlconf_module)
  File "/home/lenovo/ENV/thoughtwin_erp/local/lib/python3.6/site-packages/django/utils/functional.py", line 36, in __get__
    res = instance.__dict__[self.name] = self.func(instance)
  File "/home/lenovo/ENV/thoughtwin_erp/local/lib/python3.6/site-packages/django/urls/resolvers.py", line 533, in urlconf_module
    return import_module(self.urlconf_name)
  File "/home/lenovo/ENV/thoughtwin_erp/lib/python3.6/importlib/__init__.py", line 126, in import_module
    return _bootstrap._gcd_import(name[level:], package, level)
  File "<frozen importlib._bootstrap>", line 994, in _gcd_import
  File "<frozen importlib._bootstrap>", line 971, in _find_and_load
  File "<frozen importlib._bootstrap>", line 955, in _find_and_load_unlocked
  File "<frozen importlib._bootstrap>", line 665, in _load_unlocked
  File "<frozen importlib._bootstrap_external>", line 678, in exec_module
  File "<frozen importlib._bootstrap>", line 219, in _call_with_frames_removed
  File "/home/lenovo/Projects/django/thoughtwin_erp/thoughtwin_erp/thoughtwin_erp/urls.py", line 39, in <module>
    path('', include('employee.urls', namespace='employee')),
  File "/home/lenovo/ENV/thoughtwin_erp/local/lib/python3.6/site-packages/django/urls/conf.py", line 34, in include
    urlconf_module = import_module(urlconf_module)
  File "/home/lenovo/ENV/thoughtwin_erp/lib/python3.6/importlib/__init__.py", line 126, in import_module
    return _bootstrap._gcd_import(name[level:], package, level)
  File "<frozen importlib._bootstrap>", line 994, in _gcd_import
  File "<frozen importlib._bootstrap>", line 971, in _find_and_load
  File "<frozen importlib._bootstrap>", line 955, in _find_and_load_unlocked
  File "<frozen importlib._bootstrap>", line 665, in _load_unlocked
  File "<frozen importlib._bootstrap_external>", line 678, in exec_module
  File "<frozen importlib._bootstrap>", line 219, in _call_with_frames_removed
  File "/home/lenovo/Projects/django/thoughtwin_erp/thoughtwin_erp/thoughtwin_erp/apps/employee/urls.py", line 1, in <module>
    from employee.views import *
  File "/home/lenovo/Projects/django/thoughtwin_erp/thoughtwin_erp/thoughtwin_erp/apps/employee/views.py", line 37, in <module>
    from employee.tasks import send_email_reminder
  File "/home/lenovo/Projects/django/thoughtwin_erp/thoughtwin_erp/thoughtwin_erp/apps/employee/tasks.py", line 17, in <module>
    @periodic_task(run_every=(crontab(seconds=10)), name="send_email_reminder", ignore_result=True)
  File "/home/lenovo/ENV/thoughtwin_erp/local/lib/python3.6/site-packages/celery/schedules.py", line 416, in __init__
    super(crontab, self).__init__(**kwargs)
TypeError: __init__() got an unexpected keyword argument 'seconds'
[2019-11-13 16:43:18,476: INFO/Beat] beat: Starting...
[2019-11-13 16:43:18,483: INFO/MainProcess] Connected to amqp://guest:**@127.0.0.1:5672//
[2019-11-13 16:43:18,493: INFO/MainProcess] mingle: searching for neighbors
[2019-11-13 16:43:18,502: INFO/Beat] Scheduler: Sending due task send_email_reminder (send_email_reminder)
[2019-11-13 16:43:19,520: INFO/MainProcess] mingle: all alone
[2019-11-13 16:43:19,541: WARNING/MainProcess] /home/lenovo/ENV/thoughtwin_erp/local/lib/python3.6/site-packages/celery/fixups/django.py:202: UserWarning: Using settings.DEBUG leads to a memory leak, never use this setting in production environments!
  warnings.warn('Using settings.DEBUG leads to a memory leak, never '
[2019-11-13 16:43:19,541: INFO/MainProcess] celery@Thoughtwin-7 ready.
[2019-11-13 16:43:19,542: INFO/MainProcess] Received task: send_email_reminder[4a53194f-6ddd-4f8d-bb99-1f28f7cbb256]  
[2019-11-13 16:43:19,543: INFO/MainProcess] Received task: send_email_reminder[83783c61-7d48-4883-a9da-9f9da33a5278]  
[2019-11-13 16:43:19,648: WARNING/ForkPoolWorker-3] vdsvvdsvdsvdsvsdvdv
[2019-11-13 16:43:19,648: WARNING/ForkPoolWorker-4] vdsvvdsvdsvdsvsdvdv
[2019-11-13 16:43:19,649: INFO/ForkPoolWorker-3] Task send_email_reminder[4a53194f-6ddd-4f8d-bb99-1f28f7cbb256] succeeded in 0.0010666990019672085s: None
[2019-11-13 16:43:19,649: INFO/ForkPoolWorker-4] Task send_email_reminder[83783c61-7d48-4883-a9da-9f9da33a5278] succeeded in 0.001022943000862142s: None
[2019-11-13 16:43:28,360: INFO/MainProcess] Received task: send_email_reminder[f860176e-70fb-4f69-921e-b09938207941]  
[2019-11-13 16:43:28,362: WARNING/ForkPoolWorker-5] vdsvvdsvdsvdsvsdvdv
[2019-11-13 16:43:28,363: INFO/ForkPoolWorker-5] Task send_email_reminder[f860176e-70fb-4f69-921e-b09938207941] succeeded in 0.0013871070004825015s: None
[2019-11-13 16:43:28,484: INFO/Beat] Scheduler: Sending due task send_email_reminder (send_email_reminder)
[2019-11-13 16:43:38,360: INFO/MainProcess] Received task: send_email_reminder[f0533df6-0acb-4ff5-89df-5514e604f053]  
[2019-11-13 16:43:38,362: WARNING/ForkPoolWorker-4] vdsvvdsvdsvdsvsdvdv
[2019-11-13 16:43:38,362: INFO/ForkPoolWorker-4] Task send_email_reminder[f0533df6-0acb-4ff5-89df-5514e604f053] succeeded in 0.0003944259988202248s: None
[2019-11-13 16:43:38,484: INFO/Beat] Scheduler: Sending due task send_email_reminder (send_email_reminder)
[2019-11-13 16:43:48,361: INFO/MainProcess] Received task: send_email_reminder[1a17c5df-21d1-4174-ba0b-1a0ad7fbe403]  
[2019-11-13 16:43:48,362: WARNING/ForkPoolWorker-5] vdsvvdsvdsvdsvsdvdv
[2019-11-13 16:43:48,362: INFO/ForkPoolWorker-5] Task send_email_reminder[1a17c5df-21d1-4174-ba0b-1a0ad7fbe403] succeeded in 0.0003983730020991061s: None
[2019-11-13 16:43:48,484: INFO/Beat] Scheduler: Sending due task send_email_reminder (send_email_reminder)
[2019-11-13 16:43:58,361: INFO/MainProcess] Received task: send_email_reminder[435b3ae6-2d59-4b63-9188-9454914760a6]  
[2019-11-13 16:43:58,362: WARNING/ForkPoolWorker-4] vdsvvdsvdsvdsvsdvdv
[2019-11-13 16:43:58,362: INFO/ForkPoolWorker-4] Task send_email_reminder[435b3ae6-2d59-4b63-9188-9454914760a6] succeeded in 0.0002919389989983756s: None
[2019-11-13 16:43:58,484: INFO/Beat] Scheduler: Sending due task send_email_reminder (send_email_reminder)
[2019-11-13 16:44:08,361: INFO/MainProcess] Received task: send_email_reminder[8edb2a75-35af-4090-8a53-57da073fd816]  
[2019-11-13 16:44:08,362: WARNING/ForkPoolWorker-5] vdsvvdsvdsvdsvsdvdv
[2019-11-13 16:44:08,362: INFO/ForkPoolWorker-5] Task send_email_reminder[8edb2a75-35af-4090-8a53-57da073fd816] succeeded in 0.0003926270001102239s: None
[2019-11-13 16:44:08,484: INFO/Beat] Scheduler: Sending due task send_email_reminder (send_email_reminder)
[2019-11-13 16:44:18,361: INFO/MainProcess] Received task: send_email_reminder[bf4a48f5-ca7c-4954-88b7-9e57e85f94e6]  
[2019-11-13 16:44:18,362: WARNING/ForkPoolWorker-4] vdsvvdsvdsvdsvsdvdv
[2019-11-13 16:44:18,363: INFO/ForkPoolWorker-4] Task send_email_reminder[bf4a48f5-ca7c-4954-88b7-9e57e85f94e6] succeeded in 0.000392467001802288s: None
[2019-11-13 16:44:18,485: INFO/Beat] Scheduler: Sending due task send_email_reminder (send_email_reminder)
[2019-11-13 16:44:28,361: INFO/MainProcess] Received task: send_email_reminder[220bf01e-1778-4b81-ab82-6fa587246811]  
[2019-11-13 16:44:28,363: WARNING/ForkPoolWorker-5] vdsvvdsvdsvdsvsdvdv
[2019-11-13 16:44:28,363: INFO/ForkPoolWorker-5] Task send_email_reminder[220bf01e-1778-4b81-ab82-6fa587246811] succeeded in 0.000397960000555031s: None
[2019-11-13 16:44:28,485: INFO/Beat] Scheduler: Sending due task send_email_reminder (send_email_reminder)
[2019-11-13 16:44:38,362: INFO/MainProcess] Received task: send_email_reminder[cc364a6c-9835-48bb-a370-037176177291]  
[2019-11-13 16:44:38,363: WARNING/ForkPoolWorker-4] vdsvvdsvdsvdsvsdvdv
[2019-11-13 16:44:38,363: INFO/ForkPoolWorker-4] Task send_email_reminder[cc364a6c-9835-48bb-a370-037176177291] succeeded in 0.00039141099841799587s: None
[2019-11-13 16:44:38,485: INFO/Beat] Scheduler: Sending due task send_email_reminder (send_email_reminder)
[2019-11-13 16:44:48,362: INFO/MainProcess] Received task: send_email_reminder[c0d9f075-77bc-40db-9264-a7fb50320ebe]  
[2019-11-13 16:44:48,363: WARNING/ForkPoolWorker-5] vdsvvdsvdsvdsvsdvdv
[2019-11-13 16:44:48,363: INFO/ForkPoolWorker-5] Task send_email_reminder[c0d9f075-77bc-40db-9264-a7fb50320ebe] succeeded in 0.0003188499977113679s: None
[2019-11-13 16:44:48,485: INFO/Beat] Scheduler: Sending due task send_email_reminder (send_email_reminder)
[2019-11-13 16:44:58,362: INFO/MainProcess] Received task: send_email_reminder[411a5570-b29a-4e2b-833d-5d2486b38427]  
[2019-11-13 16:44:58,363: WARNING/ForkPoolWorker-4] vdsvvdsvdsvdsvsdvdv
[2019-11-13 16:44:58,364: INFO/ForkPoolWorker-4] Task send_email_reminder[411a5570-b29a-4e2b-833d-5d2486b38427] succeeded in 0.00040348000038648024s: None
[2019-11-13 16:44:58,485: INFO/Beat] Scheduler: Sending due task send_email_reminder (send_email_reminder)
[2019-11-13 16:45:08,362: INFO/MainProcess] Received task: send_email_reminder[7e2f8034-a7ae-4842-9aba-eb282b9d5ea0]  
[2019-11-13 16:45:08,363: WARNING/ForkPoolWorker-5] vdsvvdsvdsvdsvsdvdv
[2019-11-13 16:45:08,364: INFO/ForkPoolWorker-5] Task send_email_reminder[7e2f8034-a7ae-4842-9aba-eb282b9d5ea0] succeeded in 0.00040112199712893926s: None
[2019-11-13 16:45:08,485: INFO/Beat] Scheduler: Sending due task send_email_reminder (send_email_reminder)
[2019-11-13 16:45:18,363: INFO/MainProcess] Received task: send_email_reminder[5a652beb-0f7a-4d47-b9bf-3e322a4a1339]  
[2019-11-13 16:45:18,364: WARNING/ForkPoolWorker-4] vdsvvdsvdsvdsvsdvdv
[2019-11-13 16:45:18,364: INFO/ForkPoolWorker-4] Task send_email_reminder[5a652beb-0f7a-4d47-b9bf-3e322a4a1339] succeeded in 0.0002920339975389652s: None
[2019-11-13 16:45:18,486: INFO/Beat] Scheduler: Sending due task send_email_reminder (send_email_reminder)
[2019-11-13 16:45:28,363: INFO/MainProcess] Received task: send_email_reminder[6620df7a-2f49-457d-9d55-8977a0bb240d]  
[2019-11-13 16:45:28,364: WARNING/ForkPoolWorker-5] vdsvvdsvdsvdsvsdvdv
[2019-11-13 16:45:28,364: INFO/ForkPoolWorker-5] Task send_email_reminder[6620df7a-2f49-457d-9d55-8977a0bb240d] succeeded in 0.0003930749990104232s: None
[2019-11-13 16:45:28,486: INFO/Beat] Scheduler: Sending due task send_email_reminder (send_email_reminder)
[2019-11-13 16:45:38,363: INFO/MainProcess] Received task: send_email_reminder[e04e49d0-4162-47a1-8813-0cae13f11b44]  
[2019-11-13 16:45:38,364: WARNING/ForkPoolWorker-4] vdsvvdsvdsvdsvsdvdv
[2019-11-13 16:45:38,364: INFO/ForkPoolWorker-4] Task send_email_reminder[e04e49d0-4162-47a1-8813-0cae13f11b44] succeeded in 0.0003838840020762291s: None
[2019-11-13 16:45:38,486: INFO/Beat] Scheduler: Sending due task send_email_reminder (send_email_reminder)
[2019-11-13 16:45:48,363: INFO/MainProcess] Received task: send_email_reminder[82dbcc4d-89f8-46d3-aec1-79d26a089cd3]  
[2019-11-13 16:45:48,364: WARNING/ForkPoolWorker-5] vdsvvdsvdsvdsvsdvdv
[2019-11-13 16:45:48,364: INFO/ForkPoolWorker-5] Task send_email_reminder[82dbcc4d-89f8-46d3-aec1-79d26a089cd3] succeeded in 0.00029699700098717585s: None
[2019-11-13 16:45:48,487: INFO/Beat] Scheduler: Sending due task send_email_reminder (send_email_reminder)
[2019-11-13 16:45:58,363: INFO/MainProcess] Received task: send_email_reminder[b862967c-0fb8-4bd1-ae5b-65dbe5c9e39b]  
[2019-11-13 16:45:58,364: WARNING/ForkPoolWorker-4] vdsvvdsvdsvdsvsdvdv
[2019-11-13 16:45:58,365: INFO/ForkPoolWorker-4] Task send_email_reminder[b862967c-0fb8-4bd1-ae5b-65dbe5c9e39b] succeeded in 0.0004017549981654156s: None
[2019-11-13 16:45:58,487: INFO/Beat] Scheduler: Sending due task send_email_reminder (send_email_reminder)
[2019-11-13 16:46:08,364: INFO/MainProcess] Received task: send_email_reminder[bf86db64-71bc-4a59-b5af-60ee2d71a9c4]  
[2019-11-13 16:46:08,365: WARNING/ForkPoolWorker-5] vdsvvdsvdsvdsvsdvdv
[2019-11-13 16:46:08,365: INFO/ForkPoolWorker-5] Task send_email_reminder[bf86db64-71bc-4a59-b5af-60ee2d71a9c4] succeeded in 0.0004269579985702876s: None
[2019-11-13 16:46:08,487: INFO/Beat] Scheduler: Sending due task send_email_reminder (send_email_reminder)
[2019-11-13 16:46:18,364: INFO/MainProcess] Received task: send_email_reminder[04a41688-2527-4fca-8c97-9edddd198059]  
[2019-11-13 16:46:18,365: WARNING/ForkPoolWorker-4] vdsvvdsvdsvdsvsdvdv
[2019-11-13 16:46:18,365: INFO/ForkPoolWorker-4] Task send_email_reminder[04a41688-2527-4fca-8c97-9edddd198059] succeeded in 0.00041404699732083827s: None
[2019-11-13 16:46:18,487: INFO/Beat] Scheduler: Sending due task send_email_reminder (send_email_reminder)
[2019-11-13 16:46:28,365: INFO/MainProcess] Received task: send_email_reminder[49d08784-3d1f-4d16-9959-542388331919]  
[2019-11-13 16:46:28,366: WARNING/ForkPoolWorker-5] vdsvvdsvdsvdsvsdvdv
[2019-11-13 16:46:28,366: INFO/ForkPoolWorker-5] Task send_email_reminder[49d08784-3d1f-4d16-9959-542388331919] succeeded in 0.0003890870029863436s: None
[2019-11-13 16:46:28,488: INFO/Beat] Scheduler: Sending due task send_email_reminder (send_email_reminder)
[2019-11-13 16:46:38,365: INFO/MainProcess] Received task: send_email_reminder[2fdd0086-e38d-4cfb-bf0d-63e4cc54c829]  
[2019-11-13 16:46:38,366: WARNING/ForkPoolWorker-4] vdsvvdsvdsvdsvsdvdv
[2019-11-13 16:46:38,366: INFO/ForkPoolWorker-4] Task send_email_reminder[2fdd0086-e38d-4cfb-bf0d-63e4cc54c829] succeeded in 0.0003989370015915483s: None
[2019-11-13 16:46:38,488: INFO/Beat] Scheduler: Sending due task send_email_reminder (send_email_reminder)
[2019-11-13 16:46:48,365: INFO/MainProcess] Received task: send_email_reminder[d0053991-0f02-45f9-b1d9-d5a8157bfe89]  
[2019-11-13 16:46:48,366: WARNING/ForkPoolWorker-5] vdsvvdsvdsvdsvsdvdv
[2019-11-13 16:46:48,366: INFO/ForkPoolWorker-5] Task send_email_reminder[d0053991-0f02-45f9-b1d9-d5a8157bfe89] succeeded in 0.0003894319997925777s: None
[2019-11-13 16:46:48,488: INFO/Beat] Scheduler: Sending due task send_email_reminder (send_email_reminder)

worker: Warm shutdown (MainProcess)
[2019-11-13 16:46:57,321: INFO/MainProcess] beat: Shutting down...
 
 -------------- celery@Thoughtwin-7 v4.3.0 (rhubarb)
---- **** ----- 
--- * ***  * -- Linux-4.13.0-36-generic-x86_64-with-Ubuntu-16.04-xenial 2019-11-13 16:43:18
-- * - **** --- 
- ** ---------- [config]
- ** ---------- .> app:         thoughtwin_erp:0x7fae753bc5c0
- ** ---------- .> transport:   amqp://guest:**@localhost:5672//
- ** ---------- .> results:     rpc://
- *** --- * --- .> concurrency: 4 (prefork)
-- ******* ---- .> task events: OFF (enable -E to monitor tasks in this worker)
--- ***** ----- 
 -------------- [queues]
                .> celery           exchange=celery(direct) key=celery
                

[tasks]
  . send_email_reminder
  . thoughtwin_erp.celery.debug_task

[2019-11-13 16:47:02,478: INFO/Beat] beat: Starting...
[2019-11-13 16:47:02,486: INFO/MainProcess] Connected to amqp://guest:**@127.0.0.1:5672//
[2019-11-13 16:47:02,496: INFO/MainProcess] mingle: searching for neighbors
[2019-11-13 16:47:03,514: INFO/MainProcess] mingle: all alone
[2019-11-13 16:47:03,536: WARNING/MainProcess] /home/lenovo/ENV/thoughtwin_erp/local/lib/python3.6/site-packages/celery/fixups/django.py:202: UserWarning: Using settings.DEBUG leads to a memory leak, never use this setting in production environments!
  warnings.warn('Using settings.DEBUG leads to a memory leak, never '
[2019-11-13 16:47:03,536: INFO/MainProcess] celery@Thoughtwin-7 ready.

worker: Warm shutdown (MainProcess)
[2019-11-13 19:12:57,656: INFO/MainProcess] beat: Shutting down...
 
 -------------- celery@Thoughtwin-7 v4.3.0 (rhubarb)
---- **** ----- 
--- * ***  * -- Linux-4.13.0-36-generic-x86_64-with-Ubuntu-16.04-xenial 2019-11-13 16:47:02
-- * - **** --- 
- ** ---------- [config]
- ** ---------- .> app:         thoughtwin_erp:0x7f7866575470
- ** ---------- .> transport:   amqp://guest:**@localhost:5672//
- ** ---------- .> results:     rpc://
- *** --- * --- .> concurrency: 4 (prefork)
-- ******* ---- .> task events: OFF (enable -E to monitor tasks in this worker)
--- ***** ----- 
 -------------- [queues]
                .> celery           exchange=celery(direct) key=celery
                

[tasks]
  . send_email_reminder
  . thoughtwin_erp.celery.debug_task

[2019-11-13 19:13:02,811: INFO/Beat] beat: Starting...
[2019-11-13 19:13:02,818: INFO/MainProcess] Connected to amqp://guest:**@127.0.0.1:5672//
[2019-11-13 19:13:02,829: INFO/MainProcess] mingle: searching for neighbors
[2019-11-13 19:13:03,847: INFO/MainProcess] mingle: all alone
[2019-11-13 19:13:03,867: WARNING/MainProcess] /home/lenovo/ENV/thoughtwin_erp/local/lib/python3.6/site-packages/celery/fixups/django.py:202: UserWarning: Using settings.DEBUG leads to a memory leak, never use this setting in production environments!
  warnings.warn('Using settings.DEBUG leads to a memory leak, never '
[2019-11-13 19:13:03,867: INFO/MainProcess] celery@Thoughtwin-7 ready.
[2019-11-13 19:14:00,062: INFO/Beat] Scheduler: Sending due task send_email_reminder (send_email_reminder)
[2019-11-13 19:14:00,071: INFO/MainProcess] Received task: send_email_reminder[330461b6-b7bc-4f95-9153-ec4f629ee8f8]  
[2019-11-13 19:14:00,098: WARNING/ForkPoolWorker-3] send OOO on  admin@admin.com
[2019-11-13 19:14:02,855: ERROR/ForkPoolWorker-3] 400 Bad Request
[2019-11-13 19:14:02,855: ERROR/ForkPoolWorker-3] <ErrorResponse xmlns="http://ses.amazonaws.com/doc/2010-12-01/">
  <Error>
    <Type>Sender</Type>
    <Code>MessageRejected</Code>
    <Message>Email address is not verified. The following identities failed the check in region US-EAST-1: admin@admin.com</Message>
  </Error>
  <RequestId>cca1e9ad-a5f3-4e07-a04f-2d738a26a133</RequestId>
</ErrorResponse>

[2019-11-13 19:14:02,857: WARNING/ForkPoolWorker-3] send OOO on  arpit@thoughtwin.com
[2019-11-13 19:14:04,541: WARNING/ForkPoolWorker-3] send OOO on  yashdeep@thoughtwin.com
[2019-11-13 19:14:06,458: WARNING/ForkPoolWorker-3] send OOO on  aarti@thoughtwin.com
[2019-11-13 19:14:08,376: WARNING/ForkPoolWorker-3] send OOO on  vinod@thoughtwin.com
[2019-11-13 19:14:10,266: WARNING/ForkPoolWorker-3] send OOO on
[2019-11-13 19:14:10,267: WARNING/ForkPoolWorker-3] send OOO on  ankita@thoughtwin.com
[2019-11-13 19:14:12,474: INFO/ForkPoolWorker-3] Task send_email_reminder[330461b6-b7bc-4f95-9153-ec4f629ee8f8] succeeded in 12.401887763000559s: None

worker: Warm shutdown (MainProcess)
[2019-11-13 19:33:00,034: INFO/MainProcess] beat: Shutting down...
 
 -------------- celery@Thoughtwin-7 v4.3.0 (rhubarb)
---- **** ----- 
--- * ***  * -- Linux-4.13.0-36-generic-x86_64-with-Ubuntu-16.04-xenial 2019-11-13 19:13:02
-- * - **** --- 
- ** ---------- [config]
- ** ---------- .> app:         thoughtwin_erp:0x7fa6fd4c7588
- ** ---------- .> transport:   amqp://guest:**@localhost:5672//
- ** ---------- .> results:     rpc://
- *** --- * --- .> concurrency: 4 (prefork)
-- ******* ---- .> task events: OFF (enable -E to monitor tasks in this worker)
--- ***** ----- 
 -------------- [queues]
                .> celery           exchange=celery(direct) key=celery
                

[tasks]
  . send_email_reminder
  . thoughtwin_erp.celery.debug_task

[2019-11-13 19:33:05,188: INFO/Beat] beat: Starting...
[2019-11-13 19:33:05,195: INFO/MainProcess] Connected to amqp://guest:**@127.0.0.1:5672//
[2019-11-13 19:33:05,205: INFO/MainProcess] mingle: searching for neighbors
[2019-11-13 19:33:06,229: INFO/MainProcess] mingle: all alone
[2019-11-13 19:33:06,249: WARNING/MainProcess] /home/lenovo/ENV/thoughtwin_erp/local/lib/python3.6/site-packages/celery/fixups/django.py:202: UserWarning: Using settings.DEBUG leads to a memory leak, never use this setting in production environments!
  warnings.warn('Using settings.DEBUG leads to a memory leak, never '
[2019-11-13 19:33:06,249: INFO/MainProcess] celery@Thoughtwin-7 ready.
[2019-11-13 19:34:00,046: INFO/Beat] Scheduler: Sending due task send_email_reminder (send_email_reminder)
[2019-11-13 19:34:00,065: INFO/MainProcess] Received task: send_email_reminder[9b83b8be-3eac-4efa-b063-f080ae069574]  
[2019-11-13 19:34:00,093: WARNING/ForkPoolWorker-3] send OOO on  admin@admin.com
[2019-11-13 19:34:03,138: ERROR/ForkPoolWorker-3] 400 Bad Request
[2019-11-13 19:34:03,139: ERROR/ForkPoolWorker-3] <ErrorResponse xmlns="http://ses.amazonaws.com/doc/2010-12-01/">
  <Error>
    <Type>Sender</Type>
    <Code>MessageRejected</Code>
    <Message>Email address is not verified. The following identities failed the check in region US-EAST-1: admin@admin.com</Message>
  </Error>
  <RequestId>646eb791-83cb-4ba9-83ea-1f8ad0db769e</RequestId>
</ErrorResponse>

[2019-11-13 19:34:03,140: WARNING/ForkPoolWorker-3] send OOO on  arpit@thoughtwin.com
[2019-11-13 19:34:05,279: WARNING/ForkPoolWorker-3] send OOO on  yashdeep@thoughtwin.com
[2019-11-13 19:34:07,498: WARNING/ForkPoolWorker-3] send OOO on  aarti@thoughtwin.com
[2019-11-13 19:34:09,332: WARNING/ForkPoolWorker-3] send OOO on  vinod@thoughtwin.com
[2019-11-13 19:34:11,392: WARNING/ForkPoolWorker-3] send OOO on
[2019-11-13 19:34:11,392: WARNING/ForkPoolWorker-3] send OOO on  ankita@thoughtwin.com
[2019-11-13 19:34:13,267: INFO/ForkPoolWorker-3] Task send_email_reminder[9b83b8be-3eac-4efa-b063-f080ae069574] succeeded in 13.200172959001065s: None

worker: Warm shutdown (MainProcess)
[2019-11-13 19:49:57,748: INFO/MainProcess] beat: Shutting down...
 
 -------------- celery@Thoughtwin-7 v4.3.0 (rhubarb)
---- **** ----- 
--- * ***  * -- Linux-4.13.0-36-generic-x86_64-with-Ubuntu-16.04-xenial 2019-11-13 19:33:05
-- * - **** --- 
- ** ---------- [config]
- ** ---------- .> app:         thoughtwin_erp:0x7fd19b72d470
- ** ---------- .> transport:   amqp://guest:**@localhost:5672//
- ** ---------- .> results:     rpc://
- *** --- * --- .> concurrency: 4 (prefork)
-- ******* ---- .> task events: OFF (enable -E to monitor tasks in this worker)
--- ***** ----- 
 -------------- [queues]
                .> celery           exchange=celery(direct) key=celery
                

[tasks]
  . send_email_reminder
  . thoughtwin_erp.celery.debug_task

[2019-11-13 19:50:02,779: INFO/Beat] beat: Starting...
[2019-11-13 19:50:02,917: INFO/MainProcess] Connected to amqp://guest:**@127.0.0.1:5672//
[2019-11-13 19:50:02,928: INFO/MainProcess] mingle: searching for neighbors
[2019-11-13 19:50:03,946: INFO/MainProcess] mingle: all alone
[2019-11-13 19:50:03,957: WARNING/MainProcess] /home/lenovo/ENV/thoughtwin_erp/local/lib/python3.6/site-packages/kombu/pidbox.py:74: UserWarning: A node named celery@Thoughtwin-7 is already using this process mailbox!

Maybe you forgot to shutdown the other node or did not do so properly?
Or if you meant to start multiple nodes on the same host please make sure
you give each node a unique node name!

  warnings.warn(W_PIDBOX_IN_USE.format(node=self))
[2019-11-13 19:50:03,960: WARNING/MainProcess] /home/lenovo/ENV/thoughtwin_erp/local/lib/python3.6/site-packages/celery/fixups/django.py:202: UserWarning: Using settings.DEBUG leads to a memory leak, never use this setting in production environments!
  warnings.warn('Using settings.DEBUG leads to a memory leak, never '
[2019-11-13 19:50:03,960: INFO/MainProcess] celery@Thoughtwin-7 ready.
[2019-11-13 19:51:00,061: INFO/Beat] Scheduler: Sending due task send_email_reminder (send_email_reminder)
[2019-11-13 19:51:00,068: INFO/MainProcess] Received task: send_email_reminder[55aaf923-71f4-434b-b4f3-0828b3bc9bd6]  
[2019-11-13 19:51:00,096: WARNING/ForkPoolWorker-3] send OOO on  admin@admin.com
[2019-11-13 19:51:03,064: ERROR/ForkPoolWorker-3] 400 Bad Request
[2019-11-13 19:51:03,064: ERROR/ForkPoolWorker-3] <ErrorResponse xmlns="http://ses.amazonaws.com/doc/2010-12-01/">
  <Error>
    <Type>Sender</Type>
    <Code>MessageRejected</Code>
    <Message>Email address is not verified. The following identities failed the check in region US-EAST-1: admin@admin.com</Message>
  </Error>
  <RequestId>89678534-eab2-4842-b88a-18c41952dea4</RequestId>
</ErrorResponse>

[2019-11-13 19:51:03,066: WARNING/ForkPoolWorker-3] send OOO on  arpit@thoughtwin.com
[2019-11-13 19:51:05,387: WARNING/ForkPoolWorker-3] send OOO on  yashdeep@thoughtwin.com
[2019-11-13 19:51:07,394: WARNING/ForkPoolWorker-3] send OOO on  aarti@thoughtwin.com
[2019-11-13 19:51:09,531: WARNING/ForkPoolWorker-3] send OOO on  vinod@thoughtwin.com
[2019-11-13 19:51:11,392: WARNING/ForkPoolWorker-3] send OOO on
[2019-11-13 19:51:11,393: WARNING/ForkPoolWorker-3] send OOO on  ankita@thoughtwin.com
[2019-11-13 19:51:13,379: INFO/ForkPoolWorker-3] Task send_email_reminder[55aaf923-71f4-434b-b4f3-0828b3bc9bd6] succeeded in 13.308715588998894s: None

worker: Warm shutdown (MainProcess)
[2019-11-13 19:59:50,564: INFO/MainProcess] beat: Shutting down...
 
 -------------- celery@Thoughtwin-7 v4.3.0 (rhubarb)
---- **** ----- 
--- * ***  * -- Linux-4.13.0-36-generic-x86_64-with-Ubuntu-16.04-xenial 2019-11-13 19:50:02
-- * - **** --- 
- ** ---------- [config]
- ** ---------- .> app:         thoughtwin_erp:0x7fa19a8392e8
- ** ---------- .> transport:   amqp://guest:**@localhost:5672//
- ** ---------- .> results:     rpc://
- *** --- * --- .> concurrency: 4 (prefork)
-- ******* ---- .> task events: OFF (enable -E to monitor tasks in this worker)
--- ***** ----- 
 -------------- [queues]
                .> celery           exchange=celery(direct) key=celery
                

[tasks]
  . send_email_reminder
  . thoughtwin_erp.celery.debug_task

[2019-11-13 19:59:54,711: INFO/Beat] beat: Starting...
[2019-11-13 19:59:54,719: INFO/MainProcess] Connected to amqp://guest:**@127.0.0.1:5672//
[2019-11-13 19:59:54,729: INFO/MainProcess] mingle: searching for neighbors
[2019-11-13 19:59:55,752: INFO/MainProcess] mingle: all alone
[2019-11-13 19:59:55,781: WARNING/MainProcess] /home/lenovo/ENV/thoughtwin_erp/local/lib/python3.6/site-packages/celery/fixups/django.py:202: UserWarning: Using settings.DEBUG leads to a memory leak, never use this setting in production environments!
  warnings.warn('Using settings.DEBUG leads to a memory leak, never '
[2019-11-13 19:59:55,781: INFO/MainProcess] celery@Thoughtwin-7 ready.
[2019-11-13 20:01:00,044: INFO/MainProcess] Received task: send_email_reminder[8622fd8a-26cc-4b44-b308-bd2a0e100a87]  
[2019-11-13 20:01:00,068: INFO/Beat] Scheduler: Sending due task send_email_reminder (send_email_reminder)
[2019-11-13 20:01:00,076: WARNING/ForkPoolWorker-3] send OOO on  admin@admin.com
[2019-11-13 20:01:02,802: ERROR/ForkPoolWorker-3] 400 Bad Request
[2019-11-13 20:01:02,802: ERROR/ForkPoolWorker-3] <ErrorResponse xmlns="http://ses.amazonaws.com/doc/2010-12-01/">
  <Error>
    <Type>Sender</Type>
    <Code>MessageRejected</Code>
    <Message>Email address is not verified. The following identities failed the check in region US-EAST-1: admin@admin.com</Message>
  </Error>
  <RequestId>ba4ce473-6e59-4121-997b-17a88fd18849</RequestId>
</ErrorResponse>

[2019-11-13 20:01:02,804: WARNING/ForkPoolWorker-3] send OOO on  arpit@thoughtwin.com
[2019-11-13 20:01:04,295: WARNING/ForkPoolWorker-3] send OOO on  yashdeep@thoughtwin.com
[2019-11-13 20:01:06,263: WARNING/ForkPoolWorker-3] send OOO on  vinod@thoughtwin.com
[2019-11-13 20:01:08,600: WARNING/ForkPoolWorker-3] send OOO on
[2019-11-13 20:01:08,600: WARNING/ForkPoolWorker-3] send OOO on  ankita@thoughtwin.com
[2019-11-13 20:01:10,438: INFO/ForkPoolWorker-3] Task send_email_reminder[8622fd8a-26cc-4b44-b308-bd2a0e100a87] succeeded in 10.392307816000539s: None

worker: Warm shutdown (MainProcess)
[2019-11-13 20:05:39,318: INFO/MainProcess] beat: Shutting down...
 
 -------------- celery@Thoughtwin-7 v4.3.0 (rhubarb)
---- **** ----- 
--- * ***  * -- Linux-4.13.0-36-generic-x86_64-with-Ubuntu-16.04-xenial 2019-11-13 19:59:54
-- * - **** --- 
- ** ---------- [config]
- ** ---------- .> app:         thoughtwin_erp:0x7f609b6d8588
- ** ---------- .> transport:   amqp://guest:**@localhost:5672//
- ** ---------- .> results:     rpc://
- *** --- * --- .> concurrency: 4 (prefork)
-- ******* ---- .> task events: OFF (enable -E to monitor tasks in this worker)
--- ***** ----- 
 -------------- [queues]
                .> celery           exchange=celery(direct) key=celery
                

[tasks]
  . send_email_reminder
  . thoughtwin_erp.celery.debug_task

[2019-11-13 20:05:44,351: INFO/Beat] beat: Starting...
[2019-11-13 20:05:44,492: INFO/MainProcess] Connected to amqp://guest:**@127.0.0.1:5672//
[2019-11-13 20:05:44,503: INFO/MainProcess] mingle: searching for neighbors
[2019-11-13 20:05:45,527: INFO/MainProcess] mingle: all alone
[2019-11-13 20:05:45,547: WARNING/MainProcess] /home/lenovo/ENV/thoughtwin_erp/local/lib/python3.6/site-packages/celery/fixups/django.py:202: UserWarning: Using settings.DEBUG leads to a memory leak, never use this setting in production environments!
  warnings.warn('Using settings.DEBUG leads to a memory leak, never '
[2019-11-13 20:05:45,547: INFO/MainProcess] celery@Thoughtwin-7 ready.

worker: Warm shutdown (MainProcess)
[2019-11-13 20:07:54,298: INFO/MainProcess] beat: Shutting down...
 
 -------------- celery@Thoughtwin-7 v4.3.0 (rhubarb)
---- **** ----- 
--- * ***  * -- Linux-4.13.0-36-generic-x86_64-with-Ubuntu-16.04-xenial 2019-11-13 20:05:44
-- * - **** --- 
- ** ---------- [config]
- ** ---------- .> app:         thoughtwin_erp:0x7f33d833d2e8
- ** ---------- .> transport:   amqp://guest:**@localhost:5672//
- ** ---------- .> results:     rpc://
- *** --- * --- .> concurrency: 4 (prefork)
-- ******* ---- .> task events: OFF (enable -E to monitor tasks in this worker)
--- ***** ----- 
 -------------- [queues]
                .> celery           exchange=celery(direct) key=celery
                

[tasks]
  . send_email_reminder
  . thoughtwin_erp.celery.debug_task

[2019-11-13 20:07:58,444: INFO/Beat] beat: Starting...
[2019-11-13 20:07:58,451: INFO/MainProcess] Connected to amqp://guest:**@127.0.0.1:5672//
[2019-11-13 20:07:58,463: INFO/MainProcess] mingle: searching for neighbors
[2019-11-13 20:07:59,488: INFO/MainProcess] mingle: all alone
[2019-11-13 20:07:59,503: WARNING/MainProcess] /home/lenovo/ENV/thoughtwin_erp/local/lib/python3.6/site-packages/kombu/pidbox.py:74: UserWarning: A node named celery@Thoughtwin-7 is already using this process mailbox!

Maybe you forgot to shutdown the other node or did not do so properly?
Or if you meant to start multiple nodes on the same host please make sure
you give each node a unique node name!

  warnings.warn(W_PIDBOX_IN_USE.format(node=self))
[2019-11-13 20:07:59,505: WARNING/MainProcess] /home/lenovo/ENV/thoughtwin_erp/local/lib/python3.6/site-packages/celery/fixups/django.py:202: UserWarning: Using settings.DEBUG leads to a memory leak, never use this setting in production environments!
  warnings.warn('Using settings.DEBUG leads to a memory leak, never '
[2019-11-13 20:07:59,505: INFO/MainProcess] celery@Thoughtwin-7 ready.
[2019-11-13 20:08:00,013: INFO/Beat] Scheduler: Sending due task send_email_reminder (send_email_reminder)
[2019-11-13 20:08:00,020: INFO/MainProcess] Received task: send_email_reminder[1db72089-dd4c-4432-9bf6-8ddeaef36f58]  
[2019-11-13 20:08:00,039: WARNING/ForkPoolWorker-3] > /home/lenovo/Projects/django/thoughtwin_erp/thoughtwin_erp/thoughtwin_erp/apps/employee/tasks.py(29)send_email_reminder_method()
-> objects = Leave.objects.filter(startdate=datetime.now(), status=2)
[2019-11-13 20:08:00,040: WARNING/ForkPoolWorker-3] (Pdb)
[2019-11-13 20:08:00,042: ERROR/ForkPoolWorker-3] Task send_email_reminder[1db72089-dd4c-4432-9bf6-8ddeaef36f58] raised unexpected: BdbQuit()
Traceback (most recent call last):
  File "/home/lenovo/ENV/thoughtwin_erp/local/lib/python3.6/site-packages/celery/app/trace.py", line 385, in trace_task
    R = retval = fun(*args, **kwargs)
  File "/home/lenovo/ENV/thoughtwin_erp/local/lib/python3.6/site-packages/celery/app/trace.py", line 648, in __protected_call__
    return self.run(*args, **kwargs)
  File "/home/lenovo/Projects/django/thoughtwin_erp/thoughtwin_erp/thoughtwin_erp/apps/employee/tasks.py", line 19, in send_email_reminder
    send_email_reminder_method()
  File "/home/lenovo/Projects/django/thoughtwin_erp/thoughtwin_erp/thoughtwin_erp/apps/employee/tasks.py", line 29, in send_email_reminder_method
    objects = Leave.objects.filter(startdate=datetime.now(), status=2)
  File "/home/lenovo/Projects/django/thoughtwin_erp/thoughtwin_erp/thoughtwin_erp/apps/employee/tasks.py", line 29, in send_email_reminder_method
    objects = Leave.objects.filter(startdate=datetime.now(), status=2)
  File "/usr/lib/python3.6/bdb.py", line 51, in trace_dispatch
    return self.dispatch_line(frame)
  File "/usr/lib/python3.6/bdb.py", line 70, in dispatch_line
    if self.quitting: raise BdbQuit
bdb.BdbQuit

worker: Warm shutdown (MainProcess)
[2019-11-13 20:34:43,134: INFO/MainProcess] beat: Shutting down...
 
 -------------- celery@Thoughtwin-7 v4.3.0 (rhubarb)
---- **** ----- 
--- * ***  * -- Linux-4.13.0-36-generic-x86_64-with-Ubuntu-16.04-xenial 2019-11-13 20:07:58
-- * - **** --- 
- ** ---------- [config]
- ** ---------- .> app:         thoughtwin_erp:0x7f59bd5f62e8
- ** ---------- .> transport:   amqp://guest:**@localhost:5672//
- ** ---------- .> results:     rpc://
- *** --- * --- .> concurrency: 4 (prefork)
-- ******* ---- .> task events: OFF (enable -E to monitor tasks in this worker)
--- ***** ----- 
 -------------- [queues]
                .> celery           exchange=celery(direct) key=celery
                

[tasks]
  . send_email_reminder
  . thoughtwin_erp.celery.debug_task

[2019-11-13 20:34:48,279: INFO/Beat] beat: Starting...
[2019-11-13 20:34:48,288: INFO/MainProcess] Connected to amqp://guest:**@127.0.0.1:5672//
[2019-11-13 20:34:48,299: INFO/MainProcess] mingle: searching for neighbors
[2019-11-13 20:34:49,318: INFO/MainProcess] mingle: all alone
[2019-11-13 20:34:49,336: WARNING/MainProcess] /home/lenovo/ENV/thoughtwin_erp/local/lib/python3.6/site-packages/celery/fixups/django.py:202: UserWarning: Using settings.DEBUG leads to a memory leak, never use this setting in production environments!
  warnings.warn('Using settings.DEBUG leads to a memory leak, never '
[2019-11-13 20:34:49,336: INFO/MainProcess] celery@Thoughtwin-7 ready.
[2019-11-13 20:35:00,017: INFO/Beat] Scheduler: Sending due task send_email_reminder (send_email_reminder)
[2019-11-13 20:35:00,024: INFO/MainProcess] Received task: send_email_reminder[6eb62229-ffdd-47c7-87b7-742af3e5d223]  
[2019-11-13 20:35:00,030: WARNING/ForkPoolWorker-3] > /home/lenovo/Projects/django/thoughtwin_erp/thoughtwin_erp/thoughtwin_erp/apps/employee/tasks.py(27)send_email_reminder_method()
-> for user in User.objects.all():
[2019-11-13 20:35:00,030: WARNING/ForkPoolWorker-3] (Pdb)
[2019-11-13 20:35:00,031: ERROR/ForkPoolWorker-3] Task send_email_reminder[6eb62229-ffdd-47c7-87b7-742af3e5d223] raised unexpected: BdbQuit()
Traceback (most recent call last):
  File "/home/lenovo/ENV/thoughtwin_erp/local/lib/python3.6/site-packages/celery/app/trace.py", line 385, in trace_task
    R = retval = fun(*args, **kwargs)
  File "/home/lenovo/ENV/thoughtwin_erp/local/lib/python3.6/site-packages/celery/app/trace.py", line 648, in __protected_call__
    return self.run(*args, **kwargs)
  File "/home/lenovo/Projects/django/thoughtwin_erp/thoughtwin_erp/thoughtwin_erp/apps/employee/tasks.py", line 19, in send_email_reminder
    send_email_reminder_method()
  File "/home/lenovo/Projects/django/thoughtwin_erp/thoughtwin_erp/thoughtwin_erp/apps/employee/tasks.py", line 27, in send_email_reminder_method
    for user in User.objects.all():
  File "/home/lenovo/Projects/django/thoughtwin_erp/thoughtwin_erp/thoughtwin_erp/apps/employee/tasks.py", line 27, in send_email_reminder_method
    for user in User.objects.all():
  File "/usr/lib/python3.6/bdb.py", line 51, in trace_dispatch
    return self.dispatch_line(frame)
  File "/usr/lib/python3.6/bdb.py", line 70, in dispatch_line
    if self.quitting: raise BdbQuit
bdb.BdbQuit
